2016-12-10 19:29:33    桁架动作1！
2016-12-10 19:29:43    桁架动作1完成！
2016-12-10 19:30:18    桁架动作2！
2016-12-10 19:30:27    桁架动作2完成！
2016-12-10 19:33:57    收到检测数据！
2016-12-10 19:33:59    桁架动作3！
2016-12-10 19:34:12    桁架动作3完成！
2016-12-10 19:34:13    桁架动作1！
2016-12-10 19:34:29    桁架动作1完成！
2016-12-10 19:34:32    桁架动作2！
2016-12-10 19:34:36    进暂存库！
2016-12-10 19:34:49    进暂存库！
2016-12-10 19:35:13    龙门入库,库位号：290！
2016-12-10 19:35:20    龙门动作完成！
2016-12-10 19:35:27    龙门入库,库位号：292！
2016-12-10 19:35:34    龙门动作完成！
2016-12-10 19:42:16    桁架动作2完成！
2016-12-10 19:48:47    系统启动成功！
2016-12-10 19:49:34    收到检测数据！
2016-12-10 19:51:58    桁架动作1！
2016-12-10 19:52:29    桁架动作1完成！
2016-12-10 19:52:50    桁架动作2！
2016-12-10 19:52:59    桁架动作2完成！
2016-12-10 19:57:27    收到检测数据！
2016-12-10 19:57:28    桁架动作3！
2016-12-10 19:57:41    桁架动作3完成！
2016-12-10 19:57:42    桁架动作1！
2016-12-10 19:57:58    桁架动作1完成！
2016-12-10 19:58:01    桁架动作2！
2016-12-10 19:58:04    进暂存库！
2016-12-10 19:58:16    进暂存库！
2016-12-10 19:58:41    龙门入库,库位号：293！
2016-12-10 19:58:49    龙门动作完成！
2016-12-10 19:58:53    龙门入库,库位号：294！
2016-12-10 19:59:02    龙门动作完成！
2016-12-10 20:01:07    桁架动作2完成！
2016-12-10 20:03:18    系统启动成功！
2016-12-10 20:07:43    收到检测数据！
2016-12-10 20:10:03    桁架动作1！
2016-12-10 20:10:34    桁架动作1完成！
2016-12-10 20:10:57    桁架动作2！
2016-12-10 20:11:06    桁架动作2完成！
2016-12-10 20:15:20    收到检测数据！
2016-12-10 20:15:21    桁架动作3！
2016-12-10 20:15:34    桁架动作3完成！
2016-12-10 20:15:35    桁架动作1！
2016-12-10 20:15:51    桁架动作1完成！
2016-12-10 20:15:52    桁架动作4！
2016-12-10 20:15:58    进暂存库！
2016-12-10 20:16:05    桁架动作4完成！
2016-12-10 20:16:06    桁架动作2！
2016-12-10 20:16:10    进暂存库！
2016-12-10 20:16:22    桁架动作2完成！
2016-12-10 20:16:28    进暂存库！
2016-12-10 20:16:35    龙门入库,库位号：295！
2016-12-10 20:16:41    进暂存库！
2016-12-10 20:16:43    龙门动作完成！
2016-12-10 20:16:48    龙门入库,库位号：297！
2016-12-10 20:16:56    龙门动作完成！
2016-12-10 20:17:05    龙门入库,库位号：298！
2016-12-10 20:17:13    龙门动作完成！
2016-12-10 20:17:18    龙门入库,库位号：299！
2016-12-10 20:17:27    龙门动作完成！
2016-12-10 20:20:01    收到检测数据！
2016-12-10 20:52:03    系统启动成功！
2016-12-10 20:59:48    桁架动作1！
2016-12-10 20:59:58    桁架动作1完成！
2016-12-10 21:00:34    桁架动作2！
2016-12-10 21:00:43    桁架动作2完成！
2016-12-10 21:04:55    收到检测数据！
2016-12-10 21:06:23    桁架动作3！
2016-12-10 21:06:35    桁架动作3完成！
2016-12-10 21:06:36    桁架动作1！
2016-12-10 21:06:53    桁架动作1完成！
2016-12-10 21:06:54    桁架动作4！
2016-12-10 21:06:59    进暂存库！
2016-12-10 21:07:06    桁架动作4完成！
2016-12-10 21:07:07    桁架动作2！
2016-12-10 21:07:12    进暂存库！
2016-12-10 21:07:24    桁架动作2完成！
2016-12-10 21:07:30    进暂存库！
2016-12-10 21:07:36    龙门入库,库位号：300！
2016-12-10 21:07:46    龙门动作完成！
2016-12-10 21:07:51    龙门入库,库位号：301！
2016-12-10 21:08:00    龙门动作完成！
2016-12-10 21:08:07    龙门入库,库位号：302！
2016-12-10 21:08:16    龙门动作完成！
2016-12-10 21:12:06    收到检测数据！
2016-12-10 21:47:32    系统启动成功！
2016-12-10 21:50:16    桁架动作1！
2016-12-10 21:50:26    桁架动作1完成！
2016-12-10 21:51:24    桁架动作2！
2016-12-10 21:51:33    桁架动作2完成！
2016-12-10 21:55:15    收到检测数据！
2016-12-10 21:55:20    桁架动作3！
2016-12-10 21:55:33    桁架动作3完成！
2016-12-10 21:55:34    桁架动作1！
2016-12-10 21:55:50    桁架动作1完成！
2016-12-10 21:55:51    桁架动作4！
2016-12-10 21:55:56    进暂存库！
2016-12-10 21:56:03    桁架动作4完成！
2016-12-10 21:56:04    桁架动作2！
2016-12-10 21:56:09    进暂存库！
2016-12-10 21:56:21    桁架动作2完成！
2016-12-10 21:56:27    进暂存库！
2016-12-10 21:56:33    龙门入库,库位号：304！
2016-12-10 21:56:40    进暂存库！
2016-12-10 21:56:43    龙门动作完成！
2016-12-10 21:56:46    龙门入库,库位号：305！
2016-12-10 21:56:56    龙门动作完成！
2016-12-10 21:57:04    龙门入库,库位号：306！
2016-12-10 21:57:14    龙门动作完成！
2016-12-10 21:57:17    龙门入库,库位号：311！
2016-12-10 21:57:26    龙门动作完成！
2016-12-10 21:59:26    收到检测数据！
2016-12-10 21:59:31    桁架动作3！
2016-12-10 21:59:45    桁架动作3完成！
2016-12-10 21:59:46    桁架动作1！
2016-12-10 22:00:02    桁架动作1完成！
2016-12-10 22:00:03    桁架动作4！
2016-12-10 22:00:08    进暂存库！
2016-12-10 22:00:15    桁架动作4完成！
2016-12-10 22:00:20    进暂存库！
2016-12-10 22:00:38    进暂存库！
2016-12-10 22:00:45    龙门入库,库位号：312！
2016-12-10 22:00:51    进暂存库！
2016-12-10 22:00:52    龙门动作完成！
2016-12-10 22:00:57    龙门入库,库位号：313！
2016-12-10 22:01:06    龙门动作完成！
2016-12-10 22:01:15    龙门入库,库位号：314！
2016-12-10 22:01:24    龙门动作完成！
2016-12-10 22:01:29    龙门入库,库位号：315！
2016-12-10 22:01:37    龙门动作完成！
2016-12-10 22:04:13    桁架动作2！
2016-12-10 22:04:22    桁架动作2完成！
2016-12-10 22:07:31    收到检测数据！
2016-12-10 22:07:32    桁架动作3！
2016-12-10 22:07:45    桁架动作3完成！
2016-12-10 22:07:56    桁架动作4！
2016-12-10 22:08:09    进暂存库！
2016-12-10 22:08:09    桁架动作4完成！
2016-12-10 22:08:22    进暂存库！
2016-12-10 22:08:34    进暂存库！
2016-12-10 22:08:46    龙门入库,库位号：316！
2016-12-10 22:08:46    进暂存库！
2016-12-10 22:08:54    龙门动作完成！
2016-12-10 22:08:59    龙门入库,库位号：317！
2016-12-10 22:09:07    龙门动作完成！
2016-12-10 22:09:11    龙门入库,库位号：318！
2016-12-10 22:09:20    龙门动作完成！
2016-12-10 22:09:24    龙门入库,库位号：319！
2016-12-10 22:09:34    龙门动作完成！
