2016-12-12 10:07:49    系统启动成功！
2016-12-12 10:22:25    当前箱装箱完成
2016-12-12 10:22:26    获取整箱净重毛重成功！
2016-12-12 10:22:27    桁架动作1！
2016-12-12 10:22:36    桁架动作1完成！
2016-12-12 10:22:40    桁架动作2！
2016-12-12 10:22:49    桁架动作2完成！
2016-12-12 10:28:25    桁架动作1！
2016-12-12 10:28:35    桁架动作1完成！
2016-12-12 10:28:58    桁架动作2！
2016-12-12 10:29:03    收到检测数据！
2016-12-12 10:29:07    桁架动作2完成！
2016-12-12 10:29:08    桁架动作3！
2016-12-12 10:29:22    桁架动作3完成！
2016-12-12 10:29:31    桁架动作1！
2016-12-12 10:29:40    桁架动作1完成！
2016-12-12 10:29:41    桁架动作4！
2016-12-12 10:29:46    进暂存库！
2016-12-12 10:29:55    桁架动作4完成！
2016-12-12 10:29:59    进暂存库！
2016-12-12 10:30:05    桁架动作2！
2016-12-12 10:30:13    桁架动作2完成！
2016-12-12 10:30:18    进暂存库！
2016-12-12 10:30:23    龙门入库,库位号：306！
2016-12-12 10:30:31    进暂存库！
2016-12-12 10:30:33    龙门动作完成！
2016-12-12 10:30:36    龙门入库,库位号：311！
2016-12-12 10:30:45    龙门动作完成！
2016-12-12 10:30:55    龙门入库,库位号：315！
2016-12-12 10:31:04    龙门动作完成！
2016-12-12 10:31:09    龙门入库,库位号：324！
2016-12-12 10:31:19    龙门动作完成！
2016-12-12 10:32:56    收到检测数据！
2016-12-12 10:32:57    桁架动作3！
2016-12-12 10:33:11    桁架动作3完成！
2016-12-12 10:33:12    桁架动作1！
2016-12-12 10:33:28    桁架动作1完成！
2016-12-12 10:33:29    桁架动作4！
2016-12-12 10:33:41    桁架动作4完成！
2016-12-12 10:33:50    桁架动作2！
2016-12-12 10:33:59    桁架动作2完成！
2016-12-12 10:34:23    收到检测数据！
2016-12-12 10:34:25    桁架动作3！
2016-12-12 10:34:39    桁架动作3完成！
2016-12-12 10:34:40    桁架动作1！
2016-12-12 10:34:55    桁架动作1完成！
2016-12-12 10:34:56    桁架动作4！
2016-12-12 10:35:09    桁架动作4完成！
2016-12-12 10:35:18    桁架动作2！
2016-12-12 10:35:27    桁架动作2完成！
2016-12-12 10:38:03    收到检测数据！
2016-12-12 10:38:04    桁架动作3！
2016-12-12 10:38:17    桁架动作3完成！
2016-12-12 10:38:18    桁架动作1！
2016-12-12 10:38:34    桁架动作1完成！
2016-12-12 10:38:35    桁架动作4！
2016-12-12 10:38:47    桁架动作4完成！
2016-12-12 10:54:33    收到检测数据！
2016-12-12 10:54:34    桁架动作3！
2016-12-12 10:54:48    桁架动作3完成！
2016-12-12 10:55:00    桁架动作4！
2016-12-12 10:55:13    桁架动作4完成！
2016-12-12 11:03:14    收到检测数据！
2016-12-12 11:03:15    桁架动作3！
2016-12-12 11:03:29    桁架动作3完成！
2016-12-12 11:03:40    桁架动作4！
2016-12-12 11:03:53    桁架动作4完成！
2016-12-12 11:15:35    桁架动作1！
2016-12-12 11:15:44    桁架动作1完成！
2016-12-12 11:15:48    桁架动作2！
2016-12-12 11:15:57    桁架动作2完成！
2016-12-12 11:18:19    桁架动作1！
2016-12-12 11:18:29    桁架动作1完成！
2016-12-12 11:18:43    桁架动作2！
2016-12-12 11:18:52    桁架动作2完成！
2016-12-12 11:18:52    收到检测数据！
2016-12-12 11:18:53    桁架动作3！
2016-12-12 11:19:07    桁架动作3完成！
2016-12-12 11:19:20    桁架动作4！
2016-12-12 11:19:31    进暂存库！
2016-12-12 11:19:33    桁架动作4完成！
2016-12-12 11:19:44    进暂存库！
2016-12-12 11:19:57    进暂存库！
2016-12-12 11:20:08    龙门入库,库位号：339！
2016-12-12 11:20:17    龙门动作完成！
2016-12-12 11:20:21    龙门入库,库位号：358！
2016-12-12 11:20:32    龙门动作完成！
2016-12-12 11:20:34    龙门入库,库位号：373！
2016-12-12 11:20:44    龙门动作完成！
2016-12-12 11:21:41    收到检测数据！
2016-12-12 11:21:42    桁架动作3！
2016-12-12 11:21:55    桁架动作3完成！
2016-12-12 11:22:06    桁架动作4！
2016-12-12 11:22:19    桁架动作4完成！
2016-12-12 11:24:17    桁架动作1！
2016-12-12 11:24:25    桁架动作1完成！
2016-12-12 11:25:11    桁架动作2！
2016-12-12 11:25:20    桁架动作2完成！
2016-12-12 11:29:11    桁架动作1！
2016-12-12 11:29:21    桁架动作1完成！
2016-12-12 11:30:04    桁架动作2！
2016-12-12 11:30:08    收到检测数据！
2016-12-12 11:30:14    桁架动作2完成！
2016-12-12 11:30:15    桁架动作3！
2016-12-12 11:30:29    桁架动作3完成！
2016-12-12 11:30:41    桁架动作4！
2016-12-12 11:30:52    进暂存库！
2016-12-12 11:30:54    桁架动作4完成！
2016-12-12 11:31:04    桁架动作1！
2016-12-12 11:31:13    桁架动作1完成！
2016-12-12 11:31:18    进暂存库！
2016-12-12 11:31:29    龙门入库,库位号：380！
2016-12-12 11:31:31    进暂存库！
2016-12-12 11:31:38    龙门动作完成！
2016-12-12 11:31:55    龙门入库,库位号：381！
2016-12-12 11:31:59    桁架动作2！
2016-12-12 11:32:04    龙门动作完成！
2016-12-12 11:32:08    龙门入库,库位号：383！
2016-12-12 11:32:08    桁架动作2完成！
2016-12-12 11:32:17    龙门动作完成！
2016-12-12 11:33:31    收到检测数据！
2016-12-12 11:33:31    桁架动作3！
2016-12-12 11:33:45    桁架动作3完成！
2016-12-12 11:33:46    桁架动作1！
2016-12-12 11:34:02    桁架动作1完成！
2016-12-12 11:34:03    桁架动作4！
2016-12-12 11:34:08    进暂存库！
2016-12-12 11:34:15    桁架动作4完成！
2016-12-12 11:34:16    桁架动作2！
2016-12-12 11:34:20    进暂存库！
2016-12-12 11:34:33    桁架动作2完成！
2016-12-12 11:34:38    进暂存库！
2016-12-12 11:34:45    龙门入库,库位号：385！
2016-12-12 11:34:51    进暂存库！
2016-12-12 11:34:53    龙门动作完成！
2016-12-12 11:34:58    龙门入库,库位号：386！
2016-12-12 11:35:07    龙门动作完成！
2016-12-12 11:35:15    龙门入库,库位号：387！
2016-12-12 11:35:24    龙门动作完成！
2016-12-12 11:35:28    龙门入库,库位号：389！
2016-12-12 11:35:37    龙门动作完成！
2016-12-12 11:36:58    收到检测数据！
2016-12-12 11:36:59    桁架动作3！
2016-12-12 11:37:13    桁架动作3完成！
2016-12-12 11:37:13    桁架动作1！
2016-12-12 11:37:30    桁架动作1完成！
2016-12-12 11:37:31    桁架动作4！
2016-12-12 11:37:37    进暂存库！
2016-12-12 11:37:45    桁架动作4完成！
2016-12-12 11:37:46    桁架动作2！
2016-12-12 11:37:46    当前数量：0,扭矩值清零
2016-12-12 11:37:46    符合装箱要求，当前层扭矩值：2,当前数量：0
2016-12-12 11:37:47    龙门出库,库位号：303，批次：1,序号：4
2016-12-12 11:37:49    符合装箱要求，当前层扭矩值：0.75,当前数量：1
2016-12-12 11:37:49    直接装箱！批次：1,序号:5
2016-12-12 11:37:57    龙门动作完成！
2016-12-12 11:37:57    符合装箱要求，当前层扭矩值：2,当前数量：2
2016-12-12 11:37:58    龙门出库,库位号：5，批次：1,序号：6
2016-12-12 11:38:01    桁架动作2完成！
2016-12-12 11:38:08    符合装箱要求，当前层扭矩值：2,当前数量：3
2016-12-12 11:38:08    直接装箱！批次：1,序号:7
2016-12-12 11:38:13    龙门动作完成！
2016-12-12 11:38:15    龙门入库,库位号：5！
2016-12-12 11:38:21    符合装箱要求，当前层扭矩值：2,当前数量：4
2016-12-12 11:38:22    直接装箱！批次：1,序号:8
2016-12-12 11:38:26    龙门动作完成！
2016-12-12 11:38:27    符合装箱要求，当前层扭矩值：3.5,当前数量：5
2016-12-12 11:38:28    龙门出库,库位号：86，批次：1,序号：9
2016-12-12 11:38:42    龙门动作完成！
2016-12-12 11:38:43    符合装箱要求，当前层扭矩值：5.25,当前数量：6
2016-12-12 11:38:43    龙门出库,库位号：329，批次：1,序号：10
2016-12-12 11:38:55    龙门动作完成！
2016-12-12 11:38:58    符合装箱要求，当前层扭矩值：4,当前数量：7
2016-12-12 11:38:58    龙门出库,库位号：287，批次：1,序号：11
2016-12-12 11:39:08    龙门动作完成！
2016-12-12 11:39:10    符合装箱要求，当前层扭矩值：4.75,当前数量：8
2016-12-12 11:39:10    龙门出库,库位号：277，批次：1,序号：12
2016-12-12 11:39:21    机械手装箱完成！
2016-12-12 11:39:21    龙门动作完成！
2016-12-12 11:39:24    符合装箱要求，当前层扭矩值：4.5,当前数量：9
2016-12-12 11:39:24    龙门出库,库位号：291，批次：2,序号：1
2016-12-12 11:39:38    龙门动作完成！
2016-12-12 11:39:42    符合装箱要求，当前层扭矩值：4.25,当前数量：10
2016-12-12 11:39:42    龙门出库,库位号：315，批次：2,序号：2
2016-12-12 11:39:52    龙门动作完成！
2016-12-12 11:39:55    符合装箱要求，当前层扭矩值：3.25,当前数量：11
2016-12-12 11:39:55    龙门出库,库位号：324，批次：2,序号：3
2016-12-12 11:40:26    机械手装箱完成！
2016-12-12 11:40:28    龙门动作完成！
2016-12-12 11:40:29    当前数量：12,扭矩值清零
2016-12-12 11:40:29    符合装箱要求，当前层扭矩值：2,当前数量：12
2016-12-12 11:40:29    龙门出库,库位号：20，批次：2,序号：4
2016-12-12 11:40:45    龙门动作完成！
2016-12-12 11:40:46    符合装箱要求，当前层扭矩值：3.5,当前数量：13
2016-12-12 11:40:47    龙门出库,库位号：354，批次：2,序号：5
2016-12-12 11:40:55    龙门动作完成！
2016-12-12 11:40:56    符合装箱要求，当前层扭矩值：5,当前数量：14
2016-12-12 11:40:57    龙门出库,库位号：355，批次：2,序号：6
2016-12-12 11:40:58    机械手装箱完成！
2016-12-12 11:41:06    龙门动作完成！
2016-12-12 11:41:07    符合装箱要求，当前层扭矩值：6,当前数量：15
2016-12-12 11:41:07    龙门出库,库位号：59，批次：2,序号：7
2016-12-12 11:41:22    龙门动作完成！
2016-12-12 11:41:25    符合装箱要求，当前层扭矩值：4.75,当前数量：16
2016-12-12 11:41:25    龙门出库,库位号：339，批次：2,序号：8
2016-12-12 11:41:31    机械手装箱完成！
2016-12-12 11:41:34    龙门动作完成！
2016-12-12 11:41:36    符合装箱要求，当前层扭矩值：5.5,当前数量：17
2016-12-12 11:41:36    龙门出库,库位号：284，批次：2,序号：9
2016-12-12 11:41:45    龙门动作完成！
2016-12-12 11:41:49    符合装箱要求，当前层扭矩值：4,当前数量：18
2016-12-12 11:41:49    龙门出库,库位号：380，批次：2,序号：10
2016-12-12 11:42:01    龙门动作完成！
2016-12-12 11:42:03    符合装箱要求，当前层扭矩值：5,当前数量：19
2016-12-12 11:42:03    龙门出库,库位号：8，批次：2,序号：11
2016-12-12 11:42:19    龙门动作完成！
2016-12-12 11:43:09    机械手装箱完成！
2016-12-12 11:43:41    机械手装箱完成！
2016-12-12 11:46:34    收到检测数据！
2016-12-12 11:46:36    桁架动作3！
2016-12-12 11:46:49    桁架动作3完成！
2016-12-12 11:46:51    桁架动作1！
2016-12-12 11:47:07    桁架动作1完成！
2016-12-12 11:47:10    桁架动作4！
2016-12-12 11:47:13    进暂存库！
2016-12-12 11:47:25    桁架动作4完成！
2016-12-12 11:47:28    进暂存库！
2016-12-12 11:47:28    桁架动作2！
2016-12-12 11:47:44    桁架动作2完成！
2016-12-12 11:47:50    龙门入库,库位号：8！
2016-12-12 11:48:01    符合装箱要求，当前层扭矩值：4.75,当前数量：20
2016-12-12 11:48:02    直接装箱！批次：2,序号:12
2016-12-12 11:48:02    龙门动作完成！
2016-12-12 11:48:07    龙门入库,库位号：20！
2016-12-12 11:48:17    收到检测数据！
2016-12-12 11:48:19    桁架动作3！
2016-12-12 11:48:21    龙门动作完成！
2016-12-12 11:48:33    桁架动作3完成！
2016-12-12 11:48:37    桁架动作1！
2016-12-12 11:48:49    桁架动作1完成！
2016-12-12 11:48:52    桁架动作4！
2016-12-12 11:48:58    进暂存库！
2016-12-12 11:49:07    桁架动作4完成！
2016-12-12 11:49:10    进暂存库！
2016-12-12 11:49:10    桁架动作2！
2016-12-12 11:49:26    桁架动作2完成！
2016-12-12 11:49:30    机械手装箱完成！
2016-12-12 11:49:33    进暂存库！
2016-12-12 11:49:37    龙门入库,库位号：59！
2016-12-12 11:49:44    进暂存库！
2016-12-12 11:49:47    龙门动作完成！
2016-12-12 11:49:48    龙门入库,库位号：86！
2016-12-12 11:50:01    龙门动作完成！
2016-12-12 11:50:12    龙门入库,库位号：277！
2016-12-12 11:50:20    龙门动作完成！
2016-12-12 11:50:24    龙门入库,库位号：284！
2016-12-12 11:50:34    龙门动作完成！
2016-12-12 11:52:32    收到检测数据！
2016-12-12 11:52:35    桁架动作3！
2016-12-12 11:52:48    桁架动作3完成！
2016-12-12 11:53:00    桁架动作4！
2016-12-12 11:53:13    符合装箱要求，当前层扭矩值：4,当前数量：21
2016-12-12 11:53:13    直接装箱！批次：3,序号:1
2016-12-12 11:53:13    桁架动作4完成！
2016-12-12 11:53:14    符合装箱要求，当前层扭矩值：4.25,当前数量：22
2016-12-12 11:53:14    龙门出库,库位号：323，批次：3,序号：2
2016-12-12 11:53:23    龙门动作完成！
2016-12-12 11:53:24    符合装箱要求，当前层扭矩值：4,当前数量：23
2016-12-12 11:53:24    直接装箱！批次：3,序号:3
2016-12-12 11:53:24    当前数量：24,扭矩值清零
2016-12-12 11:53:24    符合装箱要求，当前层扭矩值：2,当前数量：24
2016-12-12 11:53:24    龙门出库,库位号：359，批次：3,序号：4
2016-12-12 11:53:33    龙门动作完成！
2016-12-12 11:53:34    符合装箱要求，当前层扭矩值：3.25,当前数量：25
2016-12-12 11:53:34    龙门出库,库位号：41，批次：3,序号：5
2016-12-12 11:53:37    符合装箱要求，当前层扭矩值：6,当前数量：26
2016-12-12 11:53:37    直接装箱！批次：3,序号:6
2016-12-12 11:53:49    进暂存库！
2016-12-12 11:53:49    龙门动作完成！
2016-12-12 11:53:51    符合装箱要求，当前层扭矩值：6,当前数量：27
2016-12-12 11:53:51    龙门出库,库位号：330，批次：3,序号：7
2016-12-12 11:54:02    龙门动作完成！
2016-12-12 11:54:27    龙门入库,库位号：41！
2016-12-12 11:54:38    龙门动作完成！
2016-12-12 11:54:58    机械手装箱完成！
2016-12-12 11:56:51    机械手装箱完成！
2016-12-12 11:58:59    收到检测数据！
2016-12-12 11:59:01    桁架动作3！
2016-12-12 11:59:17    桁架动作3完成！
2016-12-12 11:59:29    桁架动作4！
2016-12-12 11:59:41    进暂存库！
2016-12-12 11:59:44    桁架动作4完成！
2016-12-12 12:00:06    进暂存库！
2016-12-12 12:00:19    龙门入库,库位号：287！
2016-12-12 12:00:19    进暂存库！
2016-12-12 12:00:29    龙门动作完成！
2016-12-12 12:00:43    龙门入库,库位号：291！
2016-12-12 12:00:51    龙门动作完成！
2016-12-12 12:00:59    龙门入库,库位号：303！
2016-12-12 12:01:08    龙门动作完成！
2016-12-12 12:03:03    桁架动作1！
2016-12-12 12:03:12    桁架动作1完成！
2016-12-12 12:04:24    桁架动作2！
2016-12-12 12:04:34    桁架动作2完成！
2016-12-12 12:05:35    桁架动作1！
2016-12-12 12:05:44    桁架动作1完成！
2016-12-12 12:06:15    桁架动作2！
2016-12-12 12:06:25    桁架动作2完成！
2016-12-12 12:10:36    收到检测数据！
2016-12-12 12:10:40    桁架动作3！
2016-12-12 12:10:52    桁架动作3完成！
2016-12-12 12:10:55    桁架动作1！
2016-12-12 12:11:11    桁架动作1完成！
2016-12-12 12:11:14    桁架动作4！
2016-12-12 12:11:27    桁架动作4完成！
2016-12-12 12:11:30    进暂存库！
2016-12-12 12:11:30    桁架动作2！
2016-12-12 12:11:47    桁架动作2完成！
2016-12-12 12:12:05    进暂存库！
2016-12-12 12:12:09    龙门入库,库位号：315！
2016-12-12 12:12:17    龙门动作完成！
2016-12-12 12:12:43    龙门入库,库位号：323！
2016-12-12 12:12:53    龙门动作完成！
2016-12-12 12:15:23    收到检测数据！
2016-12-12 12:15:25    桁架动作3！
2016-12-12 12:15:38    桁架动作3完成！
2016-12-12 12:15:41    桁架动作1！
2016-12-12 12:15:52    收到检测数据！
2016-12-12 12:15:58    桁架动作1完成！
2016-12-12 12:16:01    桁架动作4！
2016-12-12 12:16:17    进暂存库！
2016-12-12 12:16:18    桁架动作4完成！
2016-12-12 12:16:21    桁架动作2！
2016-12-12 12:16:34    桁架动作2完成！
2016-12-12 12:16:37    桁架动作3！
2016-12-12 12:16:41    进暂存库！
2016-12-12 12:16:50    桁架动作3完成！
2016-12-12 12:16:53    进暂存库！
2016-12-12 12:16:53    桁架动作1！
2016-12-12 12:16:54    龙门入库,库位号：324！
2016-12-12 12:17:05    龙门动作完成！
2016-12-12 12:17:09    桁架动作1完成！
2016-12-12 12:17:12    桁架动作4！
2016-12-12 12:17:15    进暂存库！
2016-12-12 12:17:20    龙门入库,库位号：329！
2016-12-12 12:17:25    桁架动作4完成！
2016-12-12 12:17:26    桁架动作2！
2016-12-12 12:17:27    进暂存库！
2016-12-12 12:17:27    龙门动作完成！
2016-12-12 12:17:31    龙门入库,库位号：330！
2016-12-12 12:17:41    龙门动作完成！
2016-12-12 12:17:42    桁架动作2完成！
2016-12-12 12:17:48    符合装箱要求，当前层扭矩值：5.5,当前数量：28
2016-12-12 12:17:48    直接装箱！批次：3,序号:8
2016-12-12 12:17:49    符合装箱要求，当前层扭矩值：5.5,当前数量：29
2016-12-12 12:17:50    龙门出库,库位号：348，批次：3,序号：9
2016-12-12 12:18:00    龙门动作完成！
2016-12-12 12:18:01    进暂存库！
2016-12-12 12:18:02    龙门入库,库位号：339！
2016-12-12 12:18:12    龙门动作完成！
2016-12-12 12:18:17    龙门入库,库位号：348！
2016-12-12 12:18:26    龙门动作完成！
2016-12-12 12:18:40    龙门入库,库位号：354！
2016-12-12 12:18:49    龙门动作完成！
2016-12-12 12:19:22    机械手装箱完成！
2016-12-12 12:20:12    收到检测数据！
2016-12-12 12:20:14    桁架动作3！
2016-12-12 12:20:28    桁架动作3完成！
2016-12-12 12:20:31    桁架动作1！
2016-12-12 12:20:44    桁架动作1完成！
2016-12-12 12:20:48    桁架动作4！
2016-12-12 12:20:51    符合装箱要求，当前层扭矩值：5,当前数量：30
2016-12-12 12:20:52    直接装箱！批次：3,序号:10
2016-12-12 12:20:53    符合装箱要求，当前层扭矩值：5,当前数量：31
2016-12-12 12:20:53    龙门出库,库位号：351，批次：3,序号：11
2016-12-12 12:21:03    进暂存库！
2016-12-12 12:21:03    桁架动作4完成！
2016-12-12 12:21:03    龙门动作完成！
2016-12-12 12:21:04    桁架动作2！
2016-12-12 12:21:20    桁架动作2完成！
2016-12-12 12:21:30    进暂存库！
2016-12-12 12:21:40    进暂存库！
2016-12-12 12:21:41    龙门入库,库位号：351！
2016-12-12 12:21:49    龙门动作完成！
2016-12-12 12:22:07    龙门入库,库位号：355！
2016-12-12 12:22:16    收到检测数据！
2016-12-12 12:22:16    龙门动作完成！
2016-12-12 12:22:17    桁架动作3！
2016-12-12 12:22:21    龙门入库,库位号：359！
2016-12-12 12:22:31    桁架动作3完成！
2016-12-12 12:22:31    龙门动作完成！
2016-12-12 12:22:45    桁架动作4！
2016-12-12 12:22:55    进暂存库！
2016-12-12 12:22:59    桁架动作4完成！
2016-12-12 12:23:09    进暂存库！
2016-12-12 12:23:26    进暂存库！
2016-12-12 12:23:33    龙门入库,库位号：380！
2016-12-12 12:23:36    进暂存库！
2016-12-12 12:23:42    龙门动作完成！
2016-12-12 12:23:46    龙门入库,库位号：390！
2016-12-12 12:23:56    龙门动作完成！
2016-12-12 12:24:04    龙门入库,库位号：391！
2016-12-12 12:24:13    龙门动作完成！
2016-12-12 12:24:19    龙门入库,库位号：392！
2016-12-12 12:24:29    龙门动作完成！
2016-12-12 12:24:41    收到检测数据！
2016-12-12 12:24:43    桁架动作3！
2016-12-12 12:24:58    桁架动作3完成！
2016-12-12 12:25:08    桁架动作4！
2016-12-12 12:25:21    进暂存库！
2016-12-12 12:25:22    桁架动作4完成！
2016-12-12 12:25:34    符合装箱要求，当前层扭矩值：4,当前数量：32
2016-12-12 12:25:35    直接装箱！批次：3,序号:12
2016-12-12 12:25:36    符合装箱要求，当前层扭矩值：4.25,当前数量：33
2016-12-12 12:25:36    龙门出库,库位号：331，批次：1,序号：1
2016-12-12 12:25:45    符合装箱要求，当前层扭矩值：3.75,当前数量：34
2016-12-12 12:25:46    直接装箱！批次：1,序号:2
2016-12-12 12:25:46    龙门动作完成！
2016-12-12 12:25:48    符合装箱要求，当前层扭矩值：4,当前数量：35
2016-12-12 12:25:48    龙门出库,库位号：349，批次：1,序号：3
2016-12-12 12:25:59    龙门动作完成！
2016-12-12 12:26:00    当前数量：36,扭矩值清零
2016-12-12 12:26:00    进暂存库！
2016-12-12 12:26:01    龙门入库,库位号：331！
2016-12-12 12:26:10    桁架动作1！
2016-12-12 12:26:10    龙门动作完成！
2016-12-12 12:26:11    当前数量：36,扭矩值清零
2016-12-12 12:26:11    符合装箱要求，当前层扭矩值：1.75,当前数量：36
2016-12-12 12:26:12    龙门出库,库位号：365，批次：1,序号：4
2016-12-12 12:26:19    桁架动作1完成！
2016-12-12 12:26:21    龙门动作完成！
2016-12-12 12:26:22    符合装箱要求，当前层扭矩值：3.75,当前数量：37
2016-12-12 12:26:22    龙门出库,库位号：377，批次：1,序号：5
2016-12-12 12:26:31    龙门动作完成！
2016-12-12 12:26:32    符合装箱要求，当前层扭矩值：5.25,当前数量：38
2016-12-12 12:26:32    龙门出库,库位号：60，批次：1,序号：6
2016-12-12 12:26:48    龙门动作完成！
2016-12-12 12:26:50    龙门入库,库位号：60！
2016-12-12 12:27:00    桁架动作2！
2016-12-12 12:27:02    机械手装箱完成！
2016-12-12 12:27:02    龙门动作完成！
2016-12-12 12:27:03    符合装箱要求，当前层扭矩值：6,当前数量：39
2016-12-12 12:27:04    龙门出库,库位号：295，批次：1,序号：7
2016-12-12 12:27:09    桁架动作2完成！
2016-12-12 12:27:18    龙门动作完成！
2016-12-12 12:27:22    符合装箱要求，当前层扭矩值：5.75,当前数量：40
2016-12-12 12:27:22    龙门出库,库位号：60，批次：1,序号：8
2016-12-12 12:27:37    龙门动作完成！
2016-12-12 12:27:42    机械手装箱完成！
2016-12-12 12:28:06    桁架动作1！
2016-12-12 12:28:16    桁架动作1完成！
2016-12-12 12:28:56    机械手装箱完成！
2016-12-12 12:29:03    桁架动作2！
2016-12-12 12:29:13    桁架动作2完成！
2016-12-12 12:30:23    收到检测数据！
2016-12-12 12:30:25    桁架动作3！
2016-12-12 12:30:39    桁架动作3完成！
2016-12-12 12:30:42    桁架动作1！
2016-12-12 12:30:56    桁架动作1完成！
2016-12-12 12:30:59    桁架动作4！
2016-12-12 12:31:02    符合装箱要求，当前层扭矩值：5.5,当前数量：41
2016-12-12 12:31:03    直接装箱！批次：1,序号:9
2016-12-12 12:31:12    桁架动作4完成！
2016-12-12 12:31:15    桁架动作2！
2016-12-12 12:31:19    进暂存库！
2016-12-12 12:31:29    桁架动作2完成！
2016-12-12 12:31:39    进暂存库！
2016-12-12 12:31:49    进暂存库！
2016-12-12 12:31:56    龙门入库,库位号：60！
2016-12-12 12:32:07    龙门动作完成！
2016-12-12 12:32:18    龙门入库,库位号：295！
2016-12-12 12:32:26    龙门动作完成！
2016-12-12 12:32:31    机械手装箱完成！
2016-12-12 12:32:32    龙门入库,库位号：349！
2016-12-12 12:32:40    龙门动作完成！
2016-12-12 12:33:13    收到检测数据！
2016-12-12 12:33:15    桁架动作3！
2016-12-12 12:33:29    桁架动作3完成！
2016-12-12 12:33:32    桁架动作1！
2016-12-12 12:33:46    桁架动作1完成！
2016-12-12 12:33:49    桁架动作4！
2016-12-12 12:33:53    进暂存库！
2016-12-12 12:34:07    进暂存库！
2016-12-12 12:34:07    桁架动作4完成！
2016-12-12 12:34:10    收到检测数据！
2016-12-12 12:34:11    桁架动作2！
2016-12-12 12:34:24    桁架动作2完成！
2016-12-12 12:34:27    桁架动作3！
2016-12-12 12:34:32    进暂存库！
2016-12-12 12:34:33    龙门入库,库位号：365！
2016-12-12 12:34:40    桁架动作3完成！
2016-12-12 12:34:40    龙门动作完成！
2016-12-12 12:34:41    桁架动作1！
2016-12-12 12:34:45    进暂存库！
2016-12-12 12:34:46    龙门入库,库位号：377！
2016-12-12 12:34:56    龙门动作完成！
2016-12-12 12:34:57    桁架动作1完成！
2016-12-12 12:35:00    桁架动作4！
2016-12-12 12:35:04    符合装箱要求，当前层扭矩值：4.25,当前数量：42
2016-12-12 12:35:05    直接装箱！批次：1,序号:10
2016-12-12 12:35:05    符合装箱要求，当前层扭矩值：5,当前数量：43
2016-12-12 12:35:06    龙门出库,库位号：337，批次：1,序号：11
2016-12-12 12:35:13    龙门动作完成！
2016-12-12 12:35:14    桁架动作4完成！
2016-12-12 12:35:15    龙门入库,库位号：337！
2016-12-12 12:35:16    桁架动作2！
2016-12-12 12:35:17    称重不合格！
2016-12-12 12:35:25    龙门动作完成！
2016-12-12 12:35:30    龙门入库,库位号：397！
2016-12-12 12:35:32    桁架动作2完成！
2016-12-12 12:35:38    龙门动作完成！
2016-12-12 12:35:42    符合装箱要求，当前层扭矩值：4.75,当前数量：44
2016-12-12 12:35:42    直接装箱！批次：1,序号:12
2016-12-12 12:35:54    龙门搬运称重失败！
2016-12-12 12:35:54    进暂存库！
2016-12-12 12:36:01    龙门动作完成！
2016-12-12 12:36:32    龙门入库,库位号：398！
2016-12-12 12:36:41    龙门动作完成！
2016-12-12 12:37:05    收到检测数据！
2016-12-12 12:37:10    机械手装箱完成！
2016-12-12 12:37:10    桁架动作3！
2016-12-12 12:37:24    桁架动作3完成！
2016-12-12 12:37:28    桁架动作1！
2016-12-12 12:37:41    桁架动作1完成！
2016-12-12 12:37:45    桁架动作4！
2016-12-12 12:37:49    符合装箱要求，当前层扭矩值：4.5,当前数量：45
2016-12-12 12:37:49    直接装箱！批次：2,序号:1
2016-12-12 12:37:59    进暂存库！
2016-12-12 12:38:00    桁架动作4完成！
2016-12-12 12:38:03    桁架动作2！
2016-12-12 12:38:20    桁架动作2完成！
2016-12-12 12:38:22    收到检测数据！
2016-12-12 12:38:24    进暂存库！
2016-12-12 12:38:24    桁架动作3！
2016-12-12 12:38:38    进暂存库！
2016-12-12 12:38:38    桁架动作3完成！
2016-12-12 12:38:39    龙门入库,库位号：399！
2016-12-12 12:38:47    龙门动作完成！
2016-12-12 12:38:52    桁架动作4！
2016-12-12 12:39:03    进暂存库！
2016-12-12 12:39:04    龙门入库,库位号：400！
2016-12-12 12:39:06    桁架动作4完成！
2016-12-12 12:39:13    龙门动作完成！
2016-12-12 12:39:18    龙门入库,库位号：401！
2016-12-12 12:39:26    龙门动作完成！
2016-12-12 12:40:58    收到检测数据！
2016-12-12 12:41:01    桁架动作3！
2016-12-12 12:41:09    龙门入库,库位号：404！
2016-12-12 12:41:13    桁架动作3完成！
2016-12-12 12:41:17    龙门动作完成！
2016-12-12 12:41:29    桁架动作4！
2016-12-12 12:45:54    符合装箱要求，当前层扭矩值：4.25,当前数量：46
2016-12-12 12:45:54    直接装箱！批次：2,序号:2
2016-12-12 12:46:04    符合装箱要求，当前层扭矩值：3,当前数量：47
2016-12-12 12:46:05    直接装箱！批次：2,序号:3
2016-12-12 12:46:05    当前数量：48,扭矩值清零
2016-12-12 12:46:05    符合装箱要求，当前层扭矩值：2,当前数量：48
2016-12-12 12:46:05    龙门出库,库位号：64，批次：2,序号：4
2016-12-12 12:46:06    桁架动作4完成！
2016-12-12 12:46:12    符合装箱要求，当前层扭矩值：4.25,当前数量：49
2016-12-12 12:46:13    直接装箱！批次：2,序号:5
2016-12-12 12:46:20    龙门动作完成！
2016-12-12 12:46:21    符合装箱要求，当前层扭矩值：6,当前数量：50
2016-12-12 12:46:21    龙门出库,库位号：388，批次：2,序号：6
2016-12-12 12:46:31    龙门动作完成！
2016-12-12 12:46:33    符合装箱要求，当前层扭矩值：6,当前数量：51
2016-12-12 12:46:33    龙门出库,库位号：353，批次：2,序号：7
2016-12-12 12:46:38    进暂存库！
2016-12-12 12:46:42    龙门动作完成！
2016-12-12 12:46:53    符合装箱要求，当前层扭矩值：5.5,当前数量：52
2016-12-12 12:46:53    直接装箱！批次：2,序号:8
2016-12-12 12:46:54    符合装箱要求，当前层扭矩值：5.5,当前数量：53
2016-12-12 12:46:54    龙门出库,库位号：356，批次：2,序号：9
2016-12-12 12:47:02    龙门动作完成！
2016-12-12 12:47:17    龙门入库,库位号：64！
2016-12-12 12:47:28    龙门动作完成！
2016-12-12 12:47:36    机械手装箱完成！
2016-12-12 12:48:59    机械手装箱完成！
2016-12-12 12:49:36    机械手装箱完成！
2016-12-12 12:49:43    桁架动作1！
2016-12-12 12:49:54    桁架动作1完成！
2016-12-12 12:50:44    桁架动作2！
2016-12-12 12:50:54    桁架动作2完成！
2016-12-12 12:51:46    桁架动作1！
2016-12-12 12:51:56    桁架动作1完成！
2016-12-12 12:52:47    桁架动作2！
2016-12-12 12:52:58    桁架动作2完成！
2016-12-12 12:53:16    收到检测数据！
2016-12-12 12:53:19    桁架动作3！
2016-12-12 12:53:34    桁架动作3完成！
2016-12-12 12:53:44    桁架动作4！
2016-12-12 12:53:56    符合装箱要求，当前层扭矩值：5.25,当前数量：54
2016-12-12 12:53:56    直接装箱！批次：2,序号:10
2016-12-12 12:54:00    桁架动作4完成！
2016-12-12 12:54:03    桁架动作1！
2016-12-12 12:54:11    符合装箱要求，当前层扭矩值：4.75,当前数量：55
2016-12-12 12:54:11    直接装箱！批次：2,序号:11
2016-12-12 12:54:12    符合装箱要求，当前层扭矩值：4.75,当前数量：56
2016-12-12 12:54:12    龙门出库,库位号：364，批次：2,序号：12
2016-12-12 12:54:14    桁架动作1完成！
2016-12-12 12:54:21    符合装箱要求，当前层扭矩值：3.75,当前数量：57
2016-12-12 12:54:22    直接装箱！批次：3,序号:1
2016-12-12 12:54:23    龙门动作完成！
2016-12-12 12:54:25    符合装箱要求，当前层扭矩值：4,当前数量：58
2016-12-12 12:54:25    龙门出库,库位号：363，批次：3,序号：2
2016-12-12 12:54:33    符合装箱要求，当前层扭矩值：4,当前数量：59
2016-12-12 12:54:34    直接装箱！批次：3,序号:3
2016-12-12 12:54:38    龙门动作完成！
2016-12-12 12:54:39    找到样品轮
2016-12-12 12:54:39    当前数量：60,扭矩值清零
2016-12-12 12:54:39    符合装箱要求，当前层扭矩值：1.25,当前数量：60
2016-12-12 12:54:39    龙门出库,库位号：24，批次：3,序号：4
2016-12-12 12:54:49    桁架动作2！
2016-12-12 12:54:55    龙门动作完成！
2016-12-12 12:54:56    符合装箱要求，当前层扭矩值：2.5,当前数量：61
2016-12-12 12:54:56    龙门出库,库位号：19，批次：3,序号：5
2016-12-12 12:54:57    桁架动作2完成！
2016-12-12 12:55:12    龙门动作完成！
2016-12-12 12:55:13    符合装箱要求，当前层扭矩值：4,当前数量：62
2016-12-12 12:55:13    龙门出库,库位号：85，批次：3,序号：6
2016-12-12 12:55:28    龙门动作完成！
2016-12-12 12:55:29    符合装箱要求，当前层扭矩值：5.25,当前数量：63
2016-12-12 12:55:29    龙门出库,库位号：95，批次：3,序号：7
2016-12-12 12:55:44    龙门动作完成！
2016-12-12 12:55:45    符合装箱要求，当前层扭矩值：5.75,当前数量：64
2016-12-12 12:55:46    龙门出库,库位号：366，批次：3,序号：8
2016-12-12 12:55:52    机械手装箱完成！
2016-12-12 12:56:03    收到检测数据！
2016-12-12 12:56:05    桁架动作3！
2016-12-12 12:56:05    龙门动作完成！
2016-12-12 12:56:20    桁架动作3完成！
2016-12-12 12:56:23    桁架动作1！
2016-12-12 12:56:35    机械手装箱完成！
2016-12-12 12:56:35    桁架动作1完成！
2016-12-12 12:56:38    桁架动作4！
2016-12-12 12:56:43    进暂存库！
2016-12-12 12:56:54    进暂存库！
2016-12-12 12:56:55    桁架动作4完成！
2016-12-12 12:57:01    桁架动作2！
2016-12-12 12:57:12    桁架动作2完成！
2016-12-12 12:57:22    进暂存库！
2016-12-12 12:57:23    龙门入库,库位号：19！
2016-12-12 12:57:31    收到检测数据！
2016-12-12 12:57:32    进暂存库！
2016-12-12 12:57:33    桁架动作3！
2016-12-12 12:57:34    龙门动作完成！
2016-12-12 12:57:36    龙门入库,库位号：24！
2016-12-12 12:57:46    桁架动作3完成！
2016-12-12 12:57:49    龙门动作完成！
2016-12-12 12:58:01    桁架动作1！
2016-12-12 12:58:02    龙门入库,库位号：85！
2016-12-12 12:58:09    桁架动作1完成！
2016-12-12 12:58:10    符合装箱要求，当前层扭矩值：5,当前数量：65
2016-12-12 12:58:11    直接装箱！批次：3,序号:9
2016-12-12 12:58:11    桁架动作4！
2016-12-12 12:58:12    龙门动作完成！
2016-12-12 12:58:13    符合装箱要求，当前层扭矩值：5,当前数量：66
2016-12-12 12:58:13    龙门出库,库位号：371，批次：3,序号：10
2016-12-12 12:58:24    符合装箱要求，当前层扭矩值：4.75,当前数量：67
2016-12-12 12:58:24    直接装箱！批次：3,序号:11
2016-12-12 12:58:24    桁架动作4完成！
2016-12-12 12:58:26    机械手装箱完成！
2016-12-12 12:58:26    龙门动作完成！
2016-12-12 12:58:28    龙门入库,库位号：95！
2016-12-12 12:58:39    龙门动作完成！
2016-12-12 12:58:41    符合装箱要求，当前层扭矩值：4.75,当前数量：68
2016-12-12 12:58:41    龙门出库,库位号：379，批次：3,序号：12
2016-12-12 12:58:48    进暂存库！
2016-12-12 12:58:57    龙门动作完成！
2016-12-12 12:59:01    进暂存库！
2016-12-12 12:59:05    桁架动作2！
2016-12-12 12:59:15    桁架动作2完成！
2016-12-12 12:59:26    龙门入库,库位号：353！
2016-12-12 12:59:35    龙门动作完成！
2016-12-12 12:59:41    机械手装箱完成！
2016-12-12 12:59:41    龙门入库,库位号：356！
2016-12-12 12:59:51    龙门动作完成！
2016-12-12 13:00:14    机械手装箱完成！
2016-12-12 13:00:26    收到检测数据！
2016-12-12 13:00:28    桁架动作3！
2016-12-12 13:00:43    桁架动作3完成！
2016-12-12 13:00:47    桁架动作1！
2016-12-12 13:01:02    桁架动作1完成！
2016-12-12 13:01:06    进暂存库！
2016-12-12 13:01:06    桁架动作4！
2016-12-12 13:01:21    进暂存库！
2016-12-12 13:01:22    桁架动作4完成！
2016-12-12 13:01:25    桁架动作2！
2016-12-12 13:01:36    桁架动作2完成！
2016-12-12 13:01:43    符合装箱要求，当前层扭矩值：4.25,当前数量：69
2016-12-12 13:01:43    直接装箱！批次：1,序号:1
2016-12-12 13:01:44    龙门入库,库位号：363！
2016-12-12 13:01:47    收到检测数据！
2016-12-12 13:01:47    桁架动作3！
2016-12-12 13:01:52    龙门动作完成！
2016-12-12 13:01:53    符合装箱要求，当前层扭矩值：4.25,当前数量：70
2016-12-12 13:01:54    龙门出库,库位号：17，批次：1,序号：2
2016-12-12 13:01:54    当前箱已满,等待样品轮
2016-12-12 13:01:55    进暂存库！
2016-12-12 13:02:02    桁架动作3完成！
2016-12-12 13:02:10    龙门动作完成！
2016-12-12 13:02:11    龙门入库,库位号：17！
2016-12-12 13:02:13    桁架动作4！
2016-12-12 13:02:23    龙门动作完成！
2016-12-12 13:02:24    龙门出库,库位号：29!队列:1序号:3
2016-12-12 13:02:25    当前箱已满,等待样品轮
2016-12-12 13:02:25    进暂存库！
2016-12-12 13:02:26    桁架动作4完成！
2016-12-12 13:02:38    当前箱已满,等待样品轮
2016-12-12 13:02:38    进暂存库！
2016-12-12 13:02:38    龙门动作完成！
2016-12-12 13:02:40    龙门入库,库位号：29！
2016-12-12 13:02:50    当前箱已满,等待样品轮
2016-12-12 13:02:50    进暂存库！
2016-12-12 13:02:51    龙门动作完成！
2016-12-12 13:03:02    龙门入库,库位号：364！
2016-12-12 13:03:02    当前箱已满,等待样品轮
2016-12-12 13:03:03    进暂存库！
2016-12-12 13:03:10    龙门动作完成！
2016-12-12 13:03:15    龙门入库,库位号：366！
2016-12-12 13:03:22    机械手装箱完成！
2016-12-12 13:03:23    龙门动作完成！
2016-12-12 13:03:28    龙门入库,库位号：371！
2016-12-12 13:03:37    龙门动作完成！
2016-12-12 13:03:41    龙门入库,库位号：379！
2016-12-12 13:03:49    当前箱装箱完成
2016-12-12 13:03:49    龙门动作完成！
2016-12-12 13:03:50    当前数量：0,扭矩值清零
2016-12-12 13:03:50    符合装箱要求，当前层扭矩值：1.25,当前数量：0
2016-12-12 13:03:50    龙门出库,库位号：147，批次：1,序号：4
2016-12-12 13:04:04    龙门动作完成！
2016-12-12 13:04:05    符合装箱要求，当前层扭矩值：3,当前数量：1
2016-12-12 13:04:06    龙门出库,库位号：161，批次：1,序号：5
2016-12-12 13:04:19    龙门动作完成！
2016-12-12 13:04:20    符合装箱要求，当前层扭矩值：4.25,当前数量：2
2016-12-12 13:04:20    龙门出库,库位号：233，批次：1,序号：6
2016-12-12 13:04:32    龙门动作完成！
2016-12-12 13:04:33    符合装箱要求，当前层扭矩值：5.5,当前数量：3
2016-12-12 13:04:33    龙门出库,库位号：237，批次：1,序号：7
2016-12-12 13:04:48    龙门动作完成！
2016-12-12 13:04:50    符合装箱要求，当前层扭矩值：5.75,当前数量：4
2016-12-12 13:04:50    龙门出库,库位号：11，批次：1,序号：8
2016-12-12 13:05:06    龙门动作完成！
2016-12-12 13:06:59    收到检测数据！
2016-12-12 13:07:00    桁架动作3！
2016-12-12 13:07:13    桁架动作3完成！
2016-12-12 13:07:25    桁架动作4！
2016-12-12 13:07:36    进暂存库！
2016-12-12 13:07:38    桁架动作4完成！
2016-12-12 13:07:49    进暂存库！
2016-12-12 13:08:02    进暂存库！
2016-12-12 13:08:13    龙门入库,库位号：11！
2016-12-12 13:08:25    龙门动作完成！
2016-12-12 13:08:27    龙门入库,库位号：147！
2016-12-12 13:08:38    龙门动作完成！
2016-12-12 13:08:41    龙门入库,库位号：161！
2016-12-12 13:08:51    龙门动作完成！
2016-12-12 16:16:34    当前箱装箱完成
2016-12-12 16:16:35    获取整箱净重毛重成功！
2016-12-12 16:16:35    当前箱装箱完成
