2016-12-11 18:09:39    系统启动成功！
2016-12-11 18:23:19    桁架动作1！
2016-12-11 18:23:28    桁架动作1完成！
2016-12-11 18:24:04    桁架动作1！
2016-12-11 18:24:14    桁架动作1完成！
2016-12-11 18:25:11    桁架动作2！
2016-12-11 18:25:20    桁架动作2完成！
2016-12-11 18:26:22    桁架动作2！
2016-12-11 18:26:32    桁架动作2完成！
2016-12-11 18:30:04    收到检测数据！
2016-12-11 18:30:05    桁架动作3！
2016-12-11 18:30:20    桁架动作3完成！
2016-12-11 18:30:21    桁架动作1！
2016-12-11 18:30:36    桁架动作1完成！
2016-12-11 18:30:37    桁架动作4！
2016-12-11 18:30:43    进暂存库！
2016-12-11 18:30:51    桁架动作4完成！
2016-12-11 18:30:52    桁架动作2！
2016-12-11 18:31:07    桁架动作2完成！
2016-12-11 18:31:14    进暂存库！
2016-12-11 18:31:20    龙门入库,库位号：306！
2016-12-11 18:31:28    进暂存库！
2016-12-11 18:31:31    龙门动作完成！
2016-12-11 18:31:51    龙门入库,库位号：312！
2016-12-11 18:31:59    龙门动作完成！
2016-12-11 18:32:05    龙门入库,库位号：315！
2016-12-11 18:32:13    龙门动作完成！
2016-12-11 18:34:31    收到检测数据！
2016-12-11 18:34:32    桁架动作3！
2016-12-11 18:34:33    收到检测数据！
2016-12-11 18:34:46    桁架动作3完成！
2016-12-11 18:34:47    桁架动作1！
2016-12-11 18:35:03    桁架动作1完成！
2016-12-11 18:35:04    桁架动作4！
2016-12-11 18:35:10    进暂存库！
2016-12-11 18:35:18    桁架动作4完成！
2016-12-11 18:35:19    桁架动作2！
2016-12-11 18:35:22    进暂存库！
2016-12-11 18:35:34    桁架动作2完成！
2016-12-11 18:35:35    桁架动作3！
2016-12-11 18:35:41    进暂存库！
2016-12-11 18:35:48    龙门入库,库位号：323！
2016-12-11 18:35:48    桁架动作3完成！
2016-12-11 18:35:53    进暂存库！
2016-12-11 18:35:58    龙门动作完成！
2016-12-11 18:35:59    桁架动作4！
2016-12-11 18:36:01    龙门入库,库位号：324！
2016-12-11 18:36:12    进暂存库！
2016-12-11 18:36:12    桁架动作4完成！
2016-12-11 18:36:12    龙门动作完成！
2016-12-11 18:36:18    龙门入库,库位号：330！
2016-12-11 18:36:25    进暂存库！
2016-12-11 18:36:26    龙门动作完成！
2016-12-11 18:36:31    龙门入库,库位号：331！
2016-12-11 18:36:37    进暂存库！
2016-12-11 18:36:40    龙门动作完成！
2016-12-11 18:36:49    龙门入库,库位号：332！
2016-12-11 18:36:49    进暂存库！
2016-12-11 18:36:57    龙门动作完成！
2016-12-11 18:37:03    龙门入库,库位号：333！
2016-12-11 18:37:11    龙门动作完成！
2016-12-11 18:37:15    龙门入库,库位号：334！
2016-12-11 18:37:25    龙门动作完成！
2016-12-11 18:37:28    龙门入库,库位号：337！
2016-12-11 18:37:38    龙门动作完成！
2016-12-11 18:40:18    收到检测数据！
2016-12-11 18:40:19    桁架动作3！
2016-12-11 18:40:33    桁架动作3完成！
2016-12-11 18:40:45    桁架动作4！
2016-12-11 18:40:56    进暂存库！
2016-12-11 18:40:58    桁架动作4完成！
2016-12-11 18:41:10    进暂存库！
2016-12-11 18:41:22    进暂存库！
2016-12-11 18:41:33    龙门入库,库位号：339！
2016-12-11 18:41:35    进暂存库！
2016-12-11 18:41:43    龙门动作完成！
2016-12-11 18:41:47    龙门入库,库位号：342！
2016-12-11 18:41:57    龙门动作完成！
2016-12-11 18:41:59    龙门入库,库位号：348！
2016-12-11 18:42:08    龙门动作完成！
2016-12-11 18:42:13    龙门入库,库位号：349！
2016-12-11 18:42:22    龙门动作完成！
2016-12-11 19:08:52    系统启动成功！
2016-12-11 19:11:11    桁架动作1！
2016-12-11 19:11:20    桁架动作1完成！
2016-12-11 19:12:24    桁架动作2！
2016-12-11 19:12:33    桁架动作2完成！
2016-12-11 19:13:11    桁架动作1！
2016-12-11 19:13:21    桁架动作1完成！
2016-12-11 19:14:20    桁架动作2！
2016-12-11 19:14:29    桁架动作2完成！
2016-12-11 19:19:58    收到检测数据！
2016-12-11 19:19:59    桁架动作3！
2016-12-11 19:20:13    桁架动作3完成！
2016-12-11 19:20:14    桁架动作1！
2016-12-11 19:20:29    桁架动作1完成！
2016-12-11 19:20:30    桁架动作4！
2016-12-11 19:20:36    进暂存库！
2016-12-11 19:20:44    桁架动作4完成！
2016-12-11 19:20:44    收到检测数据！
2016-12-11 19:20:45    桁架动作2！
2016-12-11 19:20:49    进暂存库！
2016-12-11 19:21:00    桁架动作2完成！
2016-12-11 19:21:01    桁架动作3！
2016-12-11 19:21:07    称重不合格！
2016-12-11 19:21:12    龙门入库,库位号：350！
2016-12-11 19:21:15    桁架动作3完成！
2016-12-11 19:21:16    桁架动作1！
2016-12-11 19:21:21    进暂存库！
2016-12-11 19:21:21    龙门动作完成！
2016-12-11 19:21:27    龙门入库,库位号：351！
2016-12-11 19:21:32    桁架动作1完成！
2016-12-11 19:21:33    桁架动作4！
2016-12-11 19:21:36    龙门动作完成！
2016-12-11 19:21:38    进暂存库！
2016-12-11 19:21:44    龙门搬运称重失败！
2016-12-11 19:21:46    桁架动作4完成！
2016-12-11 19:21:47    桁架动作2！
2016-12-11 19:21:51    进暂存库！
2016-12-11 19:21:52    龙门动作完成！
2016-12-11 19:21:58    龙门入库,库位号：353！
2016-12-11 19:22:03    桁架动作2完成！
2016-12-11 19:22:06    龙门动作完成！
2016-12-11 19:22:09    进暂存库！
2016-12-11 19:22:15    龙门入库,库位号：356！
2016-12-11 19:22:21    进暂存库！
2016-12-11 19:22:24    龙门动作完成！
2016-12-11 19:22:28    龙门入库,库位号：358！
2016-12-11 19:22:38    龙门动作完成！
2016-12-11 19:22:46    龙门入库,库位号：363！
2016-12-11 19:22:54    龙门动作完成！
2016-12-11 19:22:58    龙门入库,库位号：364！
2016-12-11 19:23:08    龙门动作完成！
2016-12-11 19:24:03    收到检测数据！
2016-12-11 19:24:04    桁架动作3！
2016-12-11 19:24:18    桁架动作3完成！
2016-12-11 19:24:30    桁架动作4！
2016-12-11 19:24:42    进暂存库！
2016-12-11 19:24:43    桁架动作4完成！
2016-12-11 19:24:55    进暂存库！
2016-12-11 19:25:07    进暂存库！
2016-12-11 19:25:19    龙门入库,库位号：366！
2016-12-11 19:25:20    进暂存库！
2016-12-11 19:25:26    收到检测数据！
2016-12-11 19:25:27    桁架动作3！
2016-12-11 19:25:28    龙门动作完成！
2016-12-11 19:25:32    龙门入库,库位号：368！
2016-12-11 19:25:40    桁架动作3完成！
2016-12-11 19:25:40    龙门动作完成！
2016-12-11 19:25:45    龙门入库,库位号：371！
2016-12-11 19:25:51    桁架动作4！
2016-12-11 19:25:54    龙门动作完成！
2016-12-11 19:25:57    龙门入库,库位号：372！
2016-12-11 19:26:03    进暂存库！
2016-12-11 19:26:04    桁架动作4完成！
2016-12-11 19:26:08    龙门动作完成！
2016-12-11 19:26:28    进暂存库！
2016-12-11 19:26:41    进暂存库！
2016-12-11 19:26:42    龙门入库,库位号：373！
2016-12-11 19:26:51    龙门动作完成！
2016-12-11 19:27:05    龙门入库,库位号：379！
2016-12-11 19:27:13    龙门动作完成！
2016-12-11 19:27:18    龙门入库,库位号：380！
2016-12-11 19:27:27    龙门动作完成！
